<?xml version="1.0" encoding="UTF-8"?>
<!-- Generated by org.testng.reporters.JUnitReportReporter -->
<testsuite skipped="0" hostname="Lenovo" name="Team" tests="1" failures="0" timestamp="20 Sep 2022 14:56:55 GMT" time="0.717" errors="0">
  <testcase name="playerverification" time="0.717" classname="Team"/>
</testsuite> <!-- Team -->
